Determining if the pthread_create exist failed with the following output:
Change Dir: /home/ajay/vpns_ws/build/CMakeFiles/CMakeTmp

Run Build Command:"/usr/bin/make" "cmTC_19975/fast"
/usr/bin/make -f CMakeFiles/cmTC_19975.dir/build.make CMakeFiles/cmTC_19975.dir/build
make[1]: Entering directory '/home/ajay/vpns_ws/build/CMakeFiles/CMakeTmp'
Building C object CMakeFiles/cmTC_19975.dir/CheckSymbolExists.c.o
/usr/bin/cc     -o CMakeFiles/cmTC_19975.dir/CheckSymbolExists.c.o   -c /home/ajay/vpns_ws/build/CMakeFiles/CMakeTmp/CheckSymbolExists.c
Linking C executable cmTC_19975
/usr/bin/cmake -E cmake_link_script CMakeFiles/cmTC_19975.dir/link.txt --verbose=1
/usr/bin/cc       CMakeFiles/cmTC_19975.dir/CheckSymbolExists.c.o  -o cmTC_19975 -rdynamic 
CMakeFiles/cmTC_19975.dir/CheckSymbolExists.c.o: In function `main':
CheckSymbolExists.c:(.text+0x16): undefined reference to `pthread_create'
collect2: error: ld returned 1 exit status
CMakeFiles/cmTC_19975.dir/build.make:97: recipe for target 'cmTC_19975' failed
make[1]: *** [cmTC_19975] Error 1
make[1]: Leaving directory '/home/ajay/vpns_ws/build/CMakeFiles/CMakeTmp'
Makefile:126: recipe for target 'cmTC_19975/fast' failed
make: *** [cmTC_19975/fast] Error 2

File /home/ajay/vpns_ws/build/CMakeFiles/CMakeTmp/CheckSymbolExists.c:
/* */
#include <pthread.h>

int main(int argc, char** argv)
{
  (void)argv;
#ifndef pthread_create
  return ((int*)(&pthread_create))[argc];
#else
  (void)argc;
  return 0;
#endif
}

Determining if the function pthread_create exists in the pthreads failed with the following output:
Change Dir: /home/ajay/vpns_ws/build/CMakeFiles/CMakeTmp

Run Build Command:"/usr/bin/make" "cmTC_363be/fast"
/usr/bin/make -f CMakeFiles/cmTC_363be.dir/build.make CMakeFiles/cmTC_363be.dir/build
make[1]: Entering directory '/home/ajay/vpns_ws/build/CMakeFiles/CMakeTmp'
Building C object CMakeFiles/cmTC_363be.dir/CheckFunctionExists.c.o
/usr/bin/cc    -DCHECK_FUNCTION_EXISTS=pthread_create   -o CMakeFiles/cmTC_363be.dir/CheckFunctionExists.c.o   -c /usr/share/cmake-3.5/Modules/CheckFunctionExists.c
Linking C executable cmTC_363be
/usr/bin/cmake -E cmake_link_script CMakeFiles/cmTC_363be.dir/link.txt --verbose=1
/usr/bin/cc   -DCHECK_FUNCTION_EXISTS=pthread_create    CMakeFiles/cmTC_363be.dir/CheckFunctionExists.c.o  -o cmTC_363be -rdynamic -lpthreads 
/usr/bin/ld: cannot find -lpthreads
collect2: error: ld returned 1 exit status
CMakeFiles/cmTC_363be.dir/build.make:97: recipe for target 'cmTC_363be' failed
make[1]: *** [cmTC_363be] Error 1
make[1]: Leaving directory '/home/ajay/vpns_ws/build/CMakeFiles/CMakeTmp'
Makefile:126: recipe for target 'cmTC_363be/fast' failed
make: *** [cmTC_363be/fast] Error 2


